<?xml version="1.0" encoding="UTF-8"?>
<!-- Generated by org.testng.reporters.JUnitReportReporter -->
<testsuite hostname="LAPTOP-AA2DBRAH" failures="0" tests="1" name="in.co.automationtesting.LiveProject1.OrderCompletePage" time="33.775" errors="0" timestamp="2023-02-02T15:14:45 IST" skipped="0">
  <testcase classname="in.co.automationtesting.LiveProject1.OrderCompletePage" name="endToEndTest" time="33.775"/>
  <system-out/>
</testsuite> <!-- in.co.automationtesting.LiveProject1.OrderCompletePage -->
