<?xml version="1.0" encoding="UTF-8"?>
<!-- Generated by org.testng.reporters.JUnitReportReporter -->
<testsuite hostname="LAPTOP-AA2DBRAH" failures="0" tests="1" name="in.co.automationtesting.QA2Project.End2EndTest" time="9.446" errors="0" timestamp="2023-02-17T12:42:35 IST" skipped="0">
  <testcase classname="in.co.automationtesting.QA2Project.End2EndTest" name="enterPasswordPage" time="9.446"/>
  <system-out/>
</testsuite> <!-- in.co.automationtesting.QA2Project.End2EndTest -->
