<?xml version="1.0" encoding="UTF-8"?>
<!-- Generated by org.testng.reporters.JUnitReportReporter -->
<testsuite hostname="LAPTOP-AA2DBRAH" failures="0" tests="1" name="in.co.automationtesting.QA2Project.PasswrdPage" time="6.068" errors="0" timestamp="2023-02-17T10:59:05 IST" skipped="0">
  <testcase classname="in.co.automationtesting.QA2Project.PasswrdPage" name="enterPasswordPage" time="6.068"/>
  <system-out/>
</testsuite> <!-- in.co.automationtesting.QA2Project.PasswrdPage -->
